2023-04-16 19:32:27,827 WARN [HikariPool-1 housekeeper][HikariPool.java:787] - HikariPool-1 - Thread starvation or clock leap detected (housekeeper delta=2h36m34s18ms525µs100ns).
2023-04-16 19:32:27,842 DEBUG [main][DefaultCacheAwareContextLoaderDelegate.java:137] - Retrieved ApplicationContext [585803886] from cache with key [[MergedContextConfiguration@26da1ba2 testClass = CourseBaseInfoServiceTests, locations = '{}', classes = '{class com.xuecheng.ContentApplication}', contextInitializerClasses = '[]', activeProfiles = '{}', propertySourceLocations = '{}', propertySourceProperties = '{org.springframework.boot.test.context.SpringBootTestContextBootstrapper=true}', contextCustomizers = set[org.springframework.boot.test.context.filter.ExcludeFilterContextCustomizer@2e61d218, org.springframework.boot.test.json.DuplicateJsonObjectContextCustomizerFactory$DuplicateJsonObjectContextCustomizer@e84a8e1, org.springframework.boot.test.mock.mockito.MockitoContextCustomizer@0, org.springframework.boot.test.web.client.TestRestTemplateContextCustomizer@68fa0ba8, org.springframework.boot.test.autoconfigure.properties.PropertyMappingContextCustomizer@0, org.springframework.boot.test.autoconfigure.web.servlet.WebDriverContextCustomizerFactory$Customizer@c5ee75e, org.springframework.boot.test.context.SpringBootTestArgs@1, org.springframework.boot.test.context.SpringBootTestWebEnvironment@6325a3ee], contextLoader = 'org.springframework.boot.test.context.SpringBootContextLoader', parent = [null]]]
2023-04-16 19:32:27,827 WARN [HikariPool-1 housekeeper][HikariPool.java:787] - HikariPool-1 - Thread starvation or clock leap detected (housekeeper delta=2h36m34s18ms525µs100ns).
2023-04-16 19:32:27,842 DEBUG [main][DefaultCacheAwareContextLoaderDelegate.java:137] - Retrieved ApplicationContext [585803886] from cache with key [[MergedContextConfiguration@26da1ba2 testClass = CourseBaseInfoServiceTests, locations = '{}', classes = '{class com.xuecheng.ContentApplication}', contextInitializerClasses = '[]', activeProfiles = '{}', propertySourceLocations = '{}', propertySourceProperties = '{org.springframework.boot.test.context.SpringBootTestContextBootstrapper=true}', contextCustomizers = set[org.springframework.boot.test.context.filter.ExcludeFilterContextCustomizer@2e61d218, org.springframework.boot.test.json.DuplicateJsonObjectContextCustomizerFactory$DuplicateJsonObjectContextCustomizer@e84a8e1, org.springframework.boot.test.mock.mockito.MockitoContextCustomizer@0, org.springframework.boot.test.web.client.TestRestTemplateContextCustomizer@68fa0ba8, org.springframework.boot.test.autoconfigure.properties.PropertyMappingContextCustomizer@0, org.springframework.boot.test.autoconfigure.web.servlet.WebDriverContextCustomizerFactory$Customizer@c5ee75e, org.springframework.boot.test.context.SpringBootTestArgs@1, org.springframework.boot.test.context.SpringBootTestWebEnvironment@6325a3ee], contextLoader = 'org.springframework.boot.test.context.SpringBootContextLoader', parent = [null]]]
2023-04-16 19:32:27,854 DEBUG [main][DefaultContextCache.java:290] - Spring test ApplicationContext cache statistics: [DefaultContextCache@3820cfe size = 1, maxSize = 32, parentContextCount = 0, hitCount = 5, missCount = 1]
2023-04-16 19:32:27,854 DEBUG [main][DefaultContextCache.java:290] - Spring test ApplicationContext cache statistics: [DefaultContextCache@3820cfe size = 1, maxSize = 32, parentContextCount = 0, hitCount = 5, missCount = 1]
2023-04-16 19:32:27,854 DEBUG [HikariPool-1 housekeeper][HikariPool.java:421] - HikariPool-1 - Pool stats (total=10, active=0, idle=10, waiting=0)
2023-04-16 19:32:27,854 DEBUG [HikariPool-1 housekeeper][HikariPool.java:421] - HikariPool-1 - Pool stats (total=10, active=0, idle=10, waiting=0)
2023-04-16 19:32:27,854 DEBUG [HikariPool-1 housekeeper][HikariPool.java:517] - HikariPool-1 - Fill pool skipped, pool is at sufficient level.
2023-04-16 19:32:27,854 DEBUG [HikariPool-1 housekeeper][HikariPool.java:517] - HikariPool-1 - Fill pool skipped, pool is at sufficient level.
2023-04-16 19:32:27,855 DEBUG [HikariPool-1 housekeeper][HikariPool.java:342] - HikariPool-1 - Add connection elided, waiting 0, queue 1
2023-04-16 19:32:27,855 DEBUG [HikariPool-1 housekeeper][HikariPool.java:342] - HikariPool-1 - Add connection elided, waiting 0, queue 1
2023-04-16 19:32:27,856 DEBUG [HikariPool-1 housekeeper][HikariPool.java:342] - HikariPool-1 - Add connection elided, waiting 0, queue 1
2023-04-16 19:32:27,856 DEBUG [HikariPool-1 housekeeper][HikariPool.java:342] - HikariPool-1 - Add connection elided, waiting 0, queue 1
2023-04-16 19:32:27,856 DEBUG [HikariPool-1 housekeeper][HikariPool.java:342] - HikariPool-1 - Add connection elided, waiting 0, queue 1
2023-04-16 19:32:27,856 DEBUG [HikariPool-1 housekeeper][HikariPool.java:342] - HikariPool-1 - Add connection elided, waiting 0, queue 1
2023-04-16 19:32:27,856 DEBUG [HikariPool-1 connection closer][PoolBase.java:134] - HikariPool-1 - Closing connection com.mysql.cj.jdbc.ConnectionImpl@24e0610c: (connection has passed maxLifetime)
2023-04-16 19:32:27,856 DEBUG [HikariPool-1 connection closer][PoolBase.java:134] - HikariPool-1 - Closing connection com.mysql.cj.jdbc.ConnectionImpl@24e0610c: (connection has passed maxLifetime)
2023-04-16 19:32:27,856 DEBUG [HikariPool-1 housekeeper][HikariPool.java:342] - HikariPool-1 - Add connection elided, waiting 0, queue 1
2023-04-16 19:32:27,856 DEBUG [HikariPool-1 housekeeper][HikariPool.java:342] - HikariPool-1 - Add connection elided, waiting 0, queue 1
2023-04-16 19:32:27,856 DEBUG [HikariPool-1 housekeeper][HikariPool.java:342] - HikariPool-1 - Add connection elided, waiting 0, queue 1
2023-04-16 19:32:27,856 DEBUG [HikariPool-1 housekeeper][HikariPool.java:342] - HikariPool-1 - Add connection elided, waiting 0, queue 1
2023-04-16 19:32:27,856 DEBUG [HikariPool-1 housekeeper][HikariPool.java:342] - HikariPool-1 - Add connection elided, waiting 0, queue 1
2023-04-16 19:32:27,856 DEBUG [HikariPool-1 housekeeper][HikariPool.java:342] - HikariPool-1 - Add connection elided, waiting 0, queue 1
2023-04-16 19:32:27,857 DEBUG [HikariPool-1 housekeeper][HikariPool.java:342] - HikariPool-1 - Add connection elided, waiting 0, queue 1
2023-04-16 19:32:27,857 DEBUG [HikariPool-1 housekeeper][HikariPool.java:342] - HikariPool-1 - Add connection elided, waiting 0, queue 1
2023-04-16 19:32:27,857 DEBUG [HikariPool-1 housekeeper][HikariPool.java:342] - HikariPool-1 - Add connection elided, waiting 0, queue 1
2023-04-16 19:32:27,857 DEBUG [HikariPool-1 housekeeper][HikariPool.java:342] - HikariPool-1 - Add connection elided, waiting 0, queue 1
2023-04-16 19:32:27,870 DEBUG [main][DefaultCacheAwareContextLoaderDelegate.java:137] - Retrieved ApplicationContext [585803886] from cache with key [[MergedContextConfiguration@26da1ba2 testClass = CourseBaseInfoServiceTests, locations = '{}', classes = '{class com.xuecheng.ContentApplication}', contextInitializerClasses = '[]', activeProfiles = '{}', propertySourceLocations = '{}', propertySourceProperties = '{org.springframework.boot.test.context.SpringBootTestContextBootstrapper=true}', contextCustomizers = set[org.springframework.boot.test.context.filter.ExcludeFilterContextCustomizer@2e61d218, org.springframework.boot.test.json.DuplicateJsonObjectContextCustomizerFactory$DuplicateJsonObjectContextCustomizer@e84a8e1, org.springframework.boot.test.mock.mockito.MockitoContextCustomizer@0, org.springframework.boot.test.web.client.TestRestTemplateContextCustomizer@68fa0ba8, org.springframework.boot.test.autoconfigure.properties.PropertyMappingContextCustomizer@0, org.springframework.boot.test.autoconfigure.web.servlet.WebDriverContextCustomizerFactory$Customizer@c5ee75e, org.springframework.boot.test.context.SpringBootTestArgs@1, org.springframework.boot.test.context.SpringBootTestWebEnvironment@6325a3ee], contextLoader = 'org.springframework.boot.test.context.SpringBootContextLoader', parent = [null]]]
2023-04-16 19:32:27,870 DEBUG [main][DefaultCacheAwareContextLoaderDelegate.java:137] - Retrieved ApplicationContext [585803886] from cache with key [[MergedContextConfiguration@26da1ba2 testClass = CourseBaseInfoServiceTests, locations = '{}', classes = '{class com.xuecheng.ContentApplication}', contextInitializerClasses = '[]', activeProfiles = '{}', propertySourceLocations = '{}', propertySourceProperties = '{org.springframework.boot.test.context.SpringBootTestContextBootstrapper=true}', contextCustomizers = set[org.springframework.boot.test.context.filter.ExcludeFilterContextCustomizer@2e61d218, org.springframework.boot.test.json.DuplicateJsonObjectContextCustomizerFactory$DuplicateJsonObjectContextCustomizer@e84a8e1, org.springframework.boot.test.mock.mockito.MockitoContextCustomizer@0, org.springframework.boot.test.web.client.TestRestTemplateContextCustomizer@68fa0ba8, org.springframework.boot.test.autoconfigure.properties.PropertyMappingContextCustomizer@0, org.springframework.boot.test.autoconfigure.web.servlet.WebDriverContextCustomizerFactory$Customizer@c5ee75e, org.springframework.boot.test.context.SpringBootTestArgs@1, org.springframework.boot.test.context.SpringBootTestWebEnvironment@6325a3ee], contextLoader = 'org.springframework.boot.test.context.SpringBootContextLoader', parent = [null]]]
2023-04-16 19:32:27,870 DEBUG [main][DefaultContextCache.java:290] - Spring test ApplicationContext cache statistics: [DefaultContextCache@3820cfe size = 1, maxSize = 32, parentContextCount = 0, hitCount = 6, missCount = 1]
2023-04-16 19:32:27,871 DEBUG [SpringContextShutdownHook][AbstractApplicationContext.java:1006] - Closing org.springframework.context.annotation.AnnotationConfigApplicationContext@22eaa86e, started on Sun Apr 16 16:55:50 CST 2023, parent: org.springframework.context.annotation.AnnotationConfigApplicationContext@1abc9f14
2023-04-16 19:32:27,870 DEBUG [main][DefaultContextCache.java:290] - Spring test ApplicationContext cache statistics: [DefaultContextCache@3820cfe size = 1, maxSize = 32, parentContextCount = 0, hitCount = 6, missCount = 1]
2023-04-16 19:32:27,871 DEBUG [SpringContextShutdownHook][AbstractApplicationContext.java:1006] - Closing org.springframework.context.annotation.AnnotationConfigApplicationContext@22eaa86e, started on Sun Apr 16 16:55:50 CST 2023, parent: org.springframework.context.annotation.AnnotationConfigApplicationContext@1abc9f14
2023-04-16 19:32:27,871 DEBUG [main][DefaultCacheAwareContextLoaderDelegate.java:137] - Retrieved ApplicationContext [585803886] from cache with key [[MergedContextConfiguration@26da1ba2 testClass = CourseBaseInfoServiceTests, locations = '{}', classes = '{class com.xuecheng.ContentApplication}', contextInitializerClasses = '[]', activeProfiles = '{}', propertySourceLocations = '{}', propertySourceProperties = '{org.springframework.boot.test.context.SpringBootTestContextBootstrapper=true}', contextCustomizers = set[org.springframework.boot.test.context.filter.ExcludeFilterContextCustomizer@2e61d218, org.springframework.boot.test.json.DuplicateJsonObjectContextCustomizerFactory$DuplicateJsonObjectContextCustomizer@e84a8e1, org.springframework.boot.test.mock.mockito.MockitoContextCustomizer@0, org.springframework.boot.test.web.client.TestRestTemplateContextCustomizer@68fa0ba8, org.springframework.boot.test.autoconfigure.properties.PropertyMappingContextCustomizer@0, org.springframework.boot.test.autoconfigure.web.servlet.WebDriverContextCustomizerFactory$Customizer@c5ee75e, org.springframework.boot.test.context.SpringBootTestArgs@1, org.springframework.boot.test.context.SpringBootTestWebEnvironment@6325a3ee], contextLoader = 'org.springframework.boot.test.context.SpringBootContextLoader', parent = [null]]]
2023-04-16 19:32:27,871 DEBUG [main][DefaultCacheAwareContextLoaderDelegate.java:137] - Retrieved ApplicationContext [585803886] from cache with key [[MergedContextConfiguration@26da1ba2 testClass = CourseBaseInfoServiceTests, locations = '{}', classes = '{class com.xuecheng.ContentApplication}', contextInitializerClasses = '[]', activeProfiles = '{}', propertySourceLocations = '{}', propertySourceProperties = '{org.springframework.boot.test.context.SpringBootTestContextBootstrapper=true}', contextCustomizers = set[org.springframework.boot.test.context.filter.ExcludeFilterContextCustomizer@2e61d218, org.springframework.boot.test.json.DuplicateJsonObjectContextCustomizerFactory$DuplicateJsonObjectContextCustomizer@e84a8e1, org.springframework.boot.test.mock.mockito.MockitoContextCustomizer@0, org.springframework.boot.test.web.client.TestRestTemplateContextCustomizer@68fa0ba8, org.springframework.boot.test.autoconfigure.properties.PropertyMappingContextCustomizer@0, org.springframework.boot.test.autoconfigure.web.servlet.WebDriverContextCustomizerFactory$Customizer@c5ee75e, org.springframework.boot.test.context.SpringBootTestArgs@1, org.springframework.boot.test.context.SpringBootTestWebEnvironment@6325a3ee], contextLoader = 'org.springframework.boot.test.context.SpringBootContextLoader', parent = [null]]]
2023-04-16 19:32:27,871 DEBUG [main][DefaultContextCache.java:290] - Spring test ApplicationContext cache statistics: [DefaultContextCache@3820cfe size = 1, maxSize = 32, parentContextCount = 0, hitCount = 7, missCount = 1]
2023-04-16 19:32:27,871 DEBUG [main][DefaultContextCache.java:290] - Spring test ApplicationContext cache statistics: [DefaultContextCache@3820cfe size = 1, maxSize = 32, parentContextCount = 0, hitCount = 7, missCount = 1]
2023-04-16 19:32:27,874 DEBUG [main][DefaultCacheAwareContextLoaderDelegate.java:137] - Retrieved ApplicationContext [585803886] from cache with key [[MergedContextConfiguration@26da1ba2 testClass = CourseBaseInfoServiceTests, locations = '{}', classes = '{class com.xuecheng.ContentApplication}', contextInitializerClasses = '[]', activeProfiles = '{}', propertySourceLocations = '{}', propertySourceProperties = '{org.springframework.boot.test.context.SpringBootTestContextBootstrapper=true}', contextCustomizers = set[org.springframework.boot.test.context.filter.ExcludeFilterContextCustomizer@2e61d218, org.springframework.boot.test.json.DuplicateJsonObjectContextCustomizerFactory$DuplicateJsonObjectContextCustomizer@e84a8e1, org.springframework.boot.test.mock.mockito.MockitoContextCustomizer@0, org.springframework.boot.test.web.client.TestRestTemplateContextCustomizer@68fa0ba8, org.springframework.boot.test.autoconfigure.properties.PropertyMappingContextCustomizer@0, org.springframework.boot.test.autoconfigure.web.servlet.WebDriverContextCustomizerFactory$Customizer@c5ee75e, org.springframework.boot.test.context.SpringBootTestArgs@1, org.springframework.boot.test.context.SpringBootTestWebEnvironment@6325a3ee], contextLoader = 'org.springframework.boot.test.context.SpringBootContextLoader', parent = [null]]]
2023-04-16 19:32:27,874 DEBUG [main][DefaultCacheAwareContextLoaderDelegate.java:137] - Retrieved ApplicationContext [585803886] from cache with key [[MergedContextConfiguration@26da1ba2 testClass = CourseBaseInfoServiceTests, locations = '{}', classes = '{class com.xuecheng.ContentApplication}', contextInitializerClasses = '[]', activeProfiles = '{}', propertySourceLocations = '{}', propertySourceProperties = '{org.springframework.boot.test.context.SpringBootTestContextBootstrapper=true}', contextCustomizers = set[org.springframework.boot.test.context.filter.ExcludeFilterContextCustomizer@2e61d218, org.springframework.boot.test.json.DuplicateJsonObjectContextCustomizerFactory$DuplicateJsonObjectContextCustomizer@e84a8e1, org.springframework.boot.test.mock.mockito.MockitoContextCustomizer@0, org.springframework.boot.test.web.client.TestRestTemplateContextCustomizer@68fa0ba8, org.springframework.boot.test.autoconfigure.properties.PropertyMappingContextCustomizer@0, org.springframework.boot.test.autoconfigure.web.servlet.WebDriverContextCustomizerFactory$Customizer@c5ee75e, org.springframework.boot.test.context.SpringBootTestArgs@1, org.springframework.boot.test.context.SpringBootTestWebEnvironment@6325a3ee], contextLoader = 'org.springframework.boot.test.context.SpringBootContextLoader', parent = [null]]]
2023-04-16 19:32:27,875 DEBUG [main][DefaultContextCache.java:290] - Spring test ApplicationContext cache statistics: [DefaultContextCache@3820cfe size = 1, maxSize = 32, parentContextCount = 0, hitCount = 8, missCount = 1]
2023-04-16 19:32:27,875 DEBUG [main][DefaultContextCache.java:290] - Spring test ApplicationContext cache statistics: [DefaultContextCache@3820cfe size = 1, maxSize = 32, parentContextCount = 0, hitCount = 8, missCount = 1]
2023-04-16 19:32:27,875 DEBUG [HikariPool-1 connection closer][PoolBase.java:134] - HikariPool-1 - Closing connection com.mysql.cj.jdbc.ConnectionImpl@551f1644: (connection has passed maxLifetime)
2023-04-16 19:32:27,875 DEBUG [HikariPool-1 connection closer][PoolBase.java:134] - HikariPool-1 - Closing connection com.mysql.cj.jdbc.ConnectionImpl@551f1644: (connection has passed maxLifetime)
2023-04-16 19:32:27,876 DEBUG [HikariPool-1 connection adder][HikariPool.java:728] - HikariPool-1 - Added connection com.mysql.cj.jdbc.ConnectionImpl@69bdd6e5
2023-04-16 19:32:27,876 DEBUG [HikariPool-1 connection adder][HikariPool.java:728] - HikariPool-1 - Added connection com.mysql.cj.jdbc.ConnectionImpl@69bdd6e5
2023-04-16 19:32:27,876 DEBUG [HikariPool-1 connection closer][HikariPool.java:517] - HikariPool-1 - Fill pool skipped, pool is at sufficient level.
2023-04-16 19:32:27,876 DEBUG [HikariPool-1 connection closer][HikariPool.java:517] - HikariPool-1 - Fill pool skipped, pool is at sufficient level.
2023-04-16 19:32:27,876 DEBUG [HikariPool-1 connection closer][PoolBase.java:134] - HikariPool-1 - Closing connection com.mysql.cj.jdbc.ConnectionImpl@3b9170ea: (connection has passed maxLifetime)
2023-04-16 19:32:27,876 DEBUG [HikariPool-1 connection closer][PoolBase.java:134] - HikariPool-1 - Closing connection com.mysql.cj.jdbc.ConnectionImpl@3b9170ea: (connection has passed maxLifetime)
2023-04-16 19:32:27,877 DEBUG [HikariPool-1 connection closer][HikariPool.java:517] - HikariPool-1 - Fill pool skipped, pool is at sufficient level.
2023-04-16 19:32:27,877 DEBUG [HikariPool-1 connection closer][HikariPool.java:517] - HikariPool-1 - Fill pool skipped, pool is at sufficient level.
2023-04-16 19:32:27,877 DEBUG [HikariPool-1 connection closer][PoolBase.java:134] - HikariPool-1 - Closing connection com.mysql.cj.jdbc.ConnectionImpl@2d02cb48: (connection has passed maxLifetime)
2023-04-16 19:32:27,877 DEBUG [HikariPool-1 connection closer][PoolBase.java:134] - HikariPool-1 - Closing connection com.mysql.cj.jdbc.ConnectionImpl@2d02cb48: (connection has passed maxLifetime)
2023-04-16 19:32:27,879 DEBUG [HikariPool-1 connection closer][HikariPool.java:517] - HikariPool-1 - Fill pool skipped, pool is at sufficient level.
2023-04-16 19:32:27,879 DEBUG [HikariPool-1 connection closer][HikariPool.java:517] - HikariPool-1 - Fill pool skipped, pool is at sufficient level.
2023-04-16 19:32:27,879 DEBUG [HikariPool-1 connection closer][PoolBase.java:134] - HikariPool-1 - Closing connection com.mysql.cj.jdbc.ConnectionImpl@20a8b3cf: (connection has passed maxLifetime)
2023-04-16 19:32:27,879 DEBUG [HikariPool-1 connection closer][PoolBase.java:134] - HikariPool-1 - Closing connection com.mysql.cj.jdbc.ConnectionImpl@20a8b3cf: (connection has passed maxLifetime)
2023-04-16 19:32:27,880 DEBUG [HikariPool-1 connection closer][HikariPool.java:517] - HikariPool-1 - Fill pool skipped, pool is at sufficient level.
2023-04-16 19:32:27,880 DEBUG [HikariPool-1 connection closer][HikariPool.java:517] - HikariPool-1 - Fill pool skipped, pool is at sufficient level.
2023-04-16 19:32:27,880 DEBUG [HikariPool-1 connection closer][PoolBase.java:134] - HikariPool-1 - Closing connection com.mysql.cj.jdbc.ConnectionImpl@1bfa5a13: (connection has passed maxLifetime)
2023-04-16 19:32:27,880 DEBUG [HikariPool-1 connection closer][PoolBase.java:134] - HikariPool-1 - Closing connection com.mysql.cj.jdbc.ConnectionImpl@1bfa5a13: (connection has passed maxLifetime)
2023-04-16 19:32:27,883 DEBUG [HikariPool-1 connection closer][HikariPool.java:517] - HikariPool-1 - Fill pool skipped, pool is at sufficient level.
2023-04-16 19:32:27,883 DEBUG [HikariPool-1 connection closer][HikariPool.java:517] - HikariPool-1 - Fill pool skipped, pool is at sufficient level.
2023-04-16 19:32:27,883 DEBUG [HikariPool-1 connection adder][HikariPool.java:728] - HikariPool-1 - Added connection com.mysql.cj.jdbc.ConnectionImpl@1d592940
2023-04-16 19:32:27,883 DEBUG [HikariPool-1 connection adder][HikariPool.java:728] - HikariPool-1 - Added connection com.mysql.cj.jdbc.ConnectionImpl@1d592940
2023-04-16 19:32:27,883 DEBUG [HikariPool-1 connection closer][PoolBase.java:134] - HikariPool-1 - Closing connection com.mysql.cj.jdbc.ConnectionImpl@511ed136: (connection has passed maxLifetime)
2023-04-16 19:32:27,883 DEBUG [HikariPool-1 connection closer][PoolBase.java:134] - HikariPool-1 - Closing connection com.mysql.cj.jdbc.ConnectionImpl@511ed136: (connection has passed maxLifetime)
2023-04-16 19:32:27,884 DEBUG [HikariPool-1 connection closer][HikariPool.java:517] - HikariPool-1 - Fill pool skipped, pool is at sufficient level.
2023-04-16 19:32:27,884 DEBUG [HikariPool-1 connection closer][HikariPool.java:517] - HikariPool-1 - Fill pool skipped, pool is at sufficient level.
2023-04-16 19:32:27,884 DEBUG [HikariPool-1 connection closer][PoolBase.java:134] - HikariPool-1 - Closing connection com.mysql.cj.jdbc.ConnectionImpl@52116262: (connection has passed maxLifetime)
2023-04-16 19:32:27,884 DEBUG [HikariPool-1 connection closer][PoolBase.java:134] - HikariPool-1 - Closing connection com.mysql.cj.jdbc.ConnectionImpl@52116262: (connection has passed maxLifetime)
2023-04-16 19:32:27,884 DEBUG [HikariPool-1 connection closer][HikariPool.java:517] - HikariPool-1 - Fill pool skipped, pool is at sufficient level.
2023-04-16 19:32:27,884 DEBUG [HikariPool-1 connection closer][HikariPool.java:517] - HikariPool-1 - Fill pool skipped, pool is at sufficient level.
2023-04-16 19:32:27,884 DEBUG [HikariPool-1 connection closer][PoolBase.java:134] - HikariPool-1 - Closing connection com.mysql.cj.jdbc.ConnectionImpl@c616602: (connection has passed maxLifetime)
2023-04-16 19:32:27,884 DEBUG [HikariPool-1 connection closer][PoolBase.java:134] - HikariPool-1 - Closing connection com.mysql.cj.jdbc.ConnectionImpl@c616602: (connection has passed maxLifetime)
2023-04-16 19:32:27,885 DEBUG [HikariPool-1 connection closer][HikariPool.java:517] - HikariPool-1 - Fill pool skipped, pool is at sufficient level.
2023-04-16 19:32:27,885 DEBUG [HikariPool-1 connection closer][HikariPool.java:517] - HikariPool-1 - Fill pool skipped, pool is at sufficient level.
2023-04-16 19:32:27,885 DEBUG [HikariPool-1 connection closer][PoolBase.java:134] - HikariPool-1 - Closing connection com.mysql.cj.jdbc.ConnectionImpl@7860a468: (connection has passed maxLifetime)
2023-04-16 19:32:27,885 DEBUG [HikariPool-1 connection closer][PoolBase.java:134] - HikariPool-1 - Closing connection com.mysql.cj.jdbc.ConnectionImpl@7860a468: (connection has passed maxLifetime)
2023-04-16 19:32:27,886 DEBUG [HikariPool-1 connection closer][HikariPool.java:517] - HikariPool-1 - Fill pool skipped, pool is at sufficient level.
2023-04-16 19:32:27,886 DEBUG [HikariPool-1 connection closer][HikariPool.java:517] - HikariPool-1 - Fill pool skipped, pool is at sufficient level.
2023-04-16 19:32:27,887 DEBUG [HikariPool-1 connection adder][HikariPool.java:728] - HikariPool-1 - Added connection com.mysql.cj.jdbc.ConnectionImpl@69886a2e
2023-04-16 19:32:27,887 DEBUG [HikariPool-1 connection adder][HikariPool.java:728] - HikariPool-1 - Added connection com.mysql.cj.jdbc.ConnectionImpl@69886a2e
2023-04-16 19:32:27,888 DEBUG [main][DefaultCacheAwareContextLoaderDelegate.java:137] - Retrieved ApplicationContext [585803886] from cache with key [[MergedContextConfiguration@26da1ba2 testClass = CourseBaseInfoServiceTests, locations = '{}', classes = '{class com.xuecheng.ContentApplication}', contextInitializerClasses = '[]', activeProfiles = '{}', propertySourceLocations = '{}', propertySourceProperties = '{org.springframework.boot.test.context.SpringBootTestContextBootstrapper=true}', contextCustomizers = set[org.springframework.boot.test.context.filter.ExcludeFilterContextCustomizer@2e61d218, org.springframework.boot.test.json.DuplicateJsonObjectContextCustomizerFactory$DuplicateJsonObjectContextCustomizer@e84a8e1, org.springframework.boot.test.mock.mockito.MockitoContextCustomizer@0, org.springframework.boot.test.web.client.TestRestTemplateContextCustomizer@68fa0ba8, org.springframework.boot.test.autoconfigure.properties.PropertyMappingContextCustomizer@0, org.springframework.boot.test.autoconfigure.web.servlet.WebDriverContextCustomizerFactory$Customizer@c5ee75e, org.springframework.boot.test.context.SpringBootTestArgs@1, org.springframework.boot.test.context.SpringBootTestWebEnvironment@6325a3ee], contextLoader = 'org.springframework.boot.test.context.SpringBootContextLoader', parent = [null]]]
2023-04-16 19:32:27,888 DEBUG [main][DefaultCacheAwareContextLoaderDelegate.java:137] - Retrieved ApplicationContext [585803886] from cache with key [[MergedContextConfiguration@26da1ba2 testClass = CourseBaseInfoServiceTests, locations = '{}', classes = '{class com.xuecheng.ContentApplication}', contextInitializerClasses = '[]', activeProfiles = '{}', propertySourceLocations = '{}', propertySourceProperties = '{org.springframework.boot.test.context.SpringBootTestContextBootstrapper=true}', contextCustomizers = set[org.springframework.boot.test.context.filter.ExcludeFilterContextCustomizer@2e61d218, org.springframework.boot.test.json.DuplicateJsonObjectContextCustomizerFactory$DuplicateJsonObjectContextCustomizer@e84a8e1, org.springframework.boot.test.mock.mockito.MockitoContextCustomizer@0, org.springframework.boot.test.web.client.TestRestTemplateContextCustomizer@68fa0ba8, org.springframework.boot.test.autoconfigure.properties.PropertyMappingContextCustomizer@0, org.springframework.boot.test.autoconfigure.web.servlet.WebDriverContextCustomizerFactory$Customizer@c5ee75e, org.springframework.boot.test.context.SpringBootTestArgs@1, org.springframework.boot.test.context.SpringBootTestWebEnvironment@6325a3ee], contextLoader = 'org.springframework.boot.test.context.SpringBootContextLoader', parent = [null]]]
2023-04-16 19:32:27,888 DEBUG [main][DefaultContextCache.java:290] - Spring test ApplicationContext cache statistics: [DefaultContextCache@3820cfe size = 1, maxSize = 32, parentContextCount = 0, hitCount = 9, missCount = 1]
2023-04-16 19:32:27,888 DEBUG [main][DefaultContextCache.java:290] - Spring test ApplicationContext cache statistics: [DefaultContextCache@3820cfe size = 1, maxSize = 32, parentContextCount = 0, hitCount = 9, missCount = 1]
2023-04-16 19:32:27,890 DEBUG [HikariPool-1 connection adder][HikariPool.java:728] - HikariPool-1 - Added connection com.mysql.cj.jdbc.ConnectionImpl@48de82d0
2023-04-16 19:32:27,890 INFO [SpringContextShutdownHook][HikariDataSource.java:350] - HikariPool-1 - Shutdown initiated...
2023-04-16 19:32:27,890 DEBUG [HikariPool-1 connection adder][HikariPool.java:728] - HikariPool-1 - Added connection com.mysql.cj.jdbc.ConnectionImpl@48de82d0
2023-04-16 19:32:27,890 INFO [SpringContextShutdownHook][HikariDataSource.java:350] - HikariPool-1 - Shutdown initiated...
2023-04-16 19:32:27,890 DEBUG [SpringContextShutdownHook][HikariPool.java:421] - HikariPool-1 - Before shutdown stats (total=4, active=0, idle=4, waiting=0)
2023-04-16 19:32:27,890 DEBUG [SpringContextShutdownHook][HikariPool.java:421] - HikariPool-1 - Before shutdown stats (total=4, active=0, idle=4, waiting=0)
2023-04-16 19:32:27,890 DEBUG [HikariPool-1 connection closer][PoolBase.java:134] - HikariPool-1 - Closing connection com.mysql.cj.jdbc.ConnectionImpl@69bdd6e5: (connection evicted)
2023-04-16 19:32:27,890 DEBUG [HikariPool-1 connection closer][PoolBase.java:134] - HikariPool-1 - Closing connection com.mysql.cj.jdbc.ConnectionImpl@69bdd6e5: (connection evicted)
2023-04-16 19:32:27,891 DEBUG [HikariPool-1 connection closer][PoolBase.java:134] - HikariPool-1 - Closing connection com.mysql.cj.jdbc.ConnectionImpl@1d592940: (connection evicted)
2023-04-16 19:32:27,891 DEBUG [HikariPool-1 connection closer][PoolBase.java:134] - HikariPool-1 - Closing connection com.mysql.cj.jdbc.ConnectionImpl@1d592940: (connection evicted)
2023-04-16 19:32:27,891 DEBUG [HikariPool-1 connection closer][PoolBase.java:134] - HikariPool-1 - Closing connection com.mysql.cj.jdbc.ConnectionImpl@69886a2e: (connection evicted)
2023-04-16 19:32:27,891 DEBUG [HikariPool-1 connection closer][PoolBase.java:134] - HikariPool-1 - Closing connection com.mysql.cj.jdbc.ConnectionImpl@69886a2e: (connection evicted)
2023-04-16 19:32:27,892 DEBUG [HikariPool-1 connection closer][PoolBase.java:134] - HikariPool-1 - Closing connection com.mysql.cj.jdbc.ConnectionImpl@48de82d0: (connection evicted)
2023-04-16 19:32:27,892 DEBUG [HikariPool-1 connection closer][PoolBase.java:134] - HikariPool-1 - Closing connection com.mysql.cj.jdbc.ConnectionImpl@48de82d0: (connection evicted)
2023-04-16 19:32:27,892 DEBUG [SpringContextShutdownHook][HikariPool.java:421] - HikariPool-1 - After shutdown stats (total=0, active=0, idle=0, waiting=0)
2023-04-16 19:32:27,892 DEBUG [SpringContextShutdownHook][HikariPool.java:421] - HikariPool-1 - After shutdown stats (total=0, active=0, idle=0, waiting=0)
2023-04-16 19:32:27,892 INFO [SpringContextShutdownHook][HikariDataSource.java:352] - HikariPool-1 - Shutdown completed.
2023-04-16 19:32:27,892 INFO [SpringContextShutdownHook][HikariDataSource.java:352] - HikariPool-1 - Shutdown completed.
